2024-11-14T15:43:05.191+03:00  INFO 17080 --- [CheckStatus] [main] c.e.s.C.CheckStatusApplication           : Starting CheckStatusApplication using Java 23.0.1 with PID 17080 (D:\docs\bsuir\java\CheckStatus\CheckStatus\target\classes started by BobrikVU in D:\docs\bsuir\java\CheckStatus)
2024-11-14T15:43:05.195+03:00  INFO 17080 --- [CheckStatus] [main] c.e.s.C.CheckStatusApplication           : No active profile set, falling back to 1 default profile: "default"
2024-11-14T15:43:06.525+03:00  INFO 17080 --- [CheckStatus] [main] o.s.b.w.embedded.tomcat.TomcatWebServer  : Tomcat initialized with port 8080 (http)
2024-11-14T15:43:06.542+03:00  INFO 17080 --- [CheckStatus] [main] o.apache.catalina.core.StandardService   : Starting service [Tomcat]
2024-11-14T15:43:06.546+03:00  INFO 17080 --- [CheckStatus] [main] o.apache.catalina.core.StandardEngine    : Starting Servlet engine: [Apache Tomcat/10.1.31]
2024-11-14T15:43:06.617+03:00  INFO 17080 --- [CheckStatus] [main] o.a.c.c.C.[Tomcat].[localhost].[/]       : Initializing Spring embedded WebApplicationContext
2024-11-14T15:43:06.617+03:00  INFO 17080 --- [CheckStatus] [main] w.s.c.ServletWebServerApplicationContext : Root WebApplicationContext: initialization completed in 1341 ms
2024-11-14T15:43:07.054+03:00  INFO 17080 --- [CheckStatus] [main] o.s.b.w.embedded.tomcat.TomcatWebServer  : Tomcat started on port 8080 (http) with context path '/'
2024-11-14T15:43:07.069+03:00  INFO 17080 --- [CheckStatus] [main] c.e.s.C.CheckStatusApplication           : Started CheckStatusApplication in 2.474 seconds (process running for 3.032)
2024-11-14T15:43:20.569+03:00  INFO 17080 --- [CheckStatus] [http-nio-8080-exec-2] o.a.c.c.C.[Tomcat].[localhost].[/]       : Initializing Spring DispatcherServlet 'dispatcherServlet'
2024-11-14T15:43:20.569+03:00  INFO 17080 --- [CheckStatus] [http-nio-8080-exec-2] o.s.web.servlet.DispatcherServlet        : Initializing Servlet 'dispatcherServlet'
2024-11-14T15:43:20.570+03:00  INFO 17080 --- [CheckStatus] [http-nio-8080-exec-2] o.s.web.servlet.DispatcherServlet        : Completed initialization in 1 ms
2024-11-14T15:43:20.607+03:00  INFO 17080 --- [CheckStatus] [http-nio-8080-exec-2] c.e.s.C.controller.LogController         : Log level: INFO
2024-11-14T15:43:20.607+03:00 ERROR 17080 --- [CheckStatus] [http-nio-8080-exec-2] c.e.s.C.controller.LogController         : Log level: ERROR
2024-11-14T15:43:20.607+03:00  WARN 17080 --- [CheckStatus] [http-nio-8080-exec-2] c.e.s.C.controller.LogController         : Log level: WARN
2024-11-14T15:45:44.617+03:00  INFO 7508 --- [CheckStatus] [main] c.e.s.C.CheckStatusApplication           : Starting CheckStatusApplication using Java 23.0.1 with PID 7508 (D:\docs\bsuir\java\CheckStatus\CheckStatus\target\classes started by BobrikVU in D:\docs\bsuir\java\CheckStatus)
2024-11-14T15:45:44.622+03:00  INFO 7508 --- [CheckStatus] [main] c.e.s.C.CheckStatusApplication           : No active profile set, falling back to 1 default profile: "default"
2024-11-14T15:45:45.966+03:00  INFO 7508 --- [CheckStatus] [main] o.s.b.w.embedded.tomcat.TomcatWebServer  : Tomcat initialized with port 8080 (http)
2024-11-14T15:45:45.980+03:00  INFO 7508 --- [CheckStatus] [main] o.apache.catalina.core.StandardService   : Starting service [Tomcat]
2024-11-14T15:45:45.980+03:00  INFO 7508 --- [CheckStatus] [main] o.apache.catalina.core.StandardEngine    : Starting Servlet engine: [Apache Tomcat/10.1.31]
2024-11-14T15:45:46.042+03:00  INFO 7508 --- [CheckStatus] [main] o.a.c.c.C.[Tomcat].[localhost].[/]       : Initializing Spring embedded WebApplicationContext
2024-11-14T15:45:46.043+03:00  INFO 7508 --- [CheckStatus] [main] w.s.c.ServletWebServerApplicationContext : Root WebApplicationContext: initialization completed in 1333 ms
2024-11-14T15:45:46.515+03:00  INFO 7508 --- [CheckStatus] [main] o.s.b.w.embedded.tomcat.TomcatWebServer  : Tomcat started on port 8080 (http) with context path '/'
2024-11-14T15:45:46.525+03:00  INFO 7508 --- [CheckStatus] [main] c.e.s.C.CheckStatusApplication           : Started CheckStatusApplication in 2.566 seconds (process running for 3.186)
2024-11-14T15:46:01.982+03:00  INFO 7508 --- [CheckStatus] [http-nio-8080-exec-3] o.a.c.c.C.[Tomcat].[localhost].[/]       : Initializing Spring DispatcherServlet 'dispatcherServlet'
2024-11-14T15:46:01.982+03:00  INFO 7508 --- [CheckStatus] [http-nio-8080-exec-3] o.s.web.servlet.DispatcherServlet        : Initializing Servlet 'dispatcherServlet'
2024-11-14T15:46:01.984+03:00  INFO 7508 --- [CheckStatus] [http-nio-8080-exec-3] o.s.web.servlet.DispatcherServlet        : Completed initialization in 2 ms
2024-11-14T15:46:02.020+03:00  INFO 7508 --- [CheckStatus] [http-nio-8080-exec-3] c.e.s.C.controller.LogController         : Log level: INFO
2024-11-14T15:46:02.020+03:00 ERROR 7508 --- [CheckStatus] [http-nio-8080-exec-3] c.e.s.C.controller.LogController         : Log level: ERROR
2024-11-14T15:46:02.020+03:00  WARN 7508 --- [CheckStatus] [http-nio-8080-exec-3] c.e.s.C.controller.LogController         : Log level: WARN
2024-11-14T15:46:21.914+03:00  INFO 7508 --- [CheckStatus] [http-nio-8080-exec-2] c.e.s.C.controller.LogController         : Log level: INFO
2024-11-14T15:46:21.915+03:00 ERROR 7508 --- [CheckStatus] [http-nio-8080-exec-2] c.e.s.C.controller.LogController         : Log level: ERROR
2024-11-14T15:46:21.915+03:00  WARN 7508 --- [CheckStatus] [http-nio-8080-exec-2] c.e.s.C.controller.LogController         : Log level: WARN
